2023/12/20 20:53:24 engine.go:57: Engine Start start
2023/12/20 20:53:24 engine.go:29: Engine Run start
2023/12/20 20:53:24 engine.go:123: Engine NewGame start
2023/12/20 20:53:24 engine.go:143: Engine NewGame end
2023/12/20 20:53:49 engine.go:86: Engine Start end
2023/12/20 20:53:49 view.go:31: View Stop start
2023/12/20 20:53:49 engine.go:52: Engine Run end
2023/12/20 20:53:49 view.go:35: View Stop end
2023/12/20 20:53:50 engine.go:57: Engine Start start
2023/12/20 20:53:50 engine.go:29: Engine Run start
2023/12/20 20:53:50 engine.go:123: Engine NewGame start
2023/12/20 20:53:50 engine.go:143: Engine NewGame end
2023/12/20 20:54:09 engine.go:86: Engine Start end
2023/12/20 20:54:09 engine.go:52: Engine Run end
2023/12/20 20:54:09 view.go:31: View Stop start
2023/12/20 20:54:09 view.go:35: View Stop end
2023/12/20 20:54:10 engine.go:57: Engine Start start
2023/12/20 20:54:10 engine.go:29: Engine Run start
2023/12/20 20:54:10 engine.go:123: Engine NewGame start
2023/12/20 20:54:10 engine.go:143: Engine NewGame end
2023/12/20 20:55:55 engine.go:226: Engine GameOver start
2023/12/20 20:55:55 view.go:271: View ShowGameOverAnimation start
2023/12/20 20:55:55 view.go:283: View ShowGameOverAnimation case 1
2023/12/20 20:55:56 view.go:338: View ShowGameOverAnimation end
2023/12/20 20:55:56 engine.go:245: Engine GameOver end
2023/12/20 20:55:56 engine.go:123: Engine NewGame start
2023/12/20 20:55:56 engine.go:143: Engine NewGame end
2023/12/20 20:55:57 engine.go:86: Engine Start end
2023/12/20 20:55:57 view.go:31: View Stop start
2023/12/20 20:55:57 engine.go:52: Engine Run end
2023/12/20 20:55:57 view.go:35: View Stop end
